2019-05-25 10:16:21,627 [3] DEBUG Proiect.Common.Channel - Client Subscribed to 'Broker_Broker1'
2019-05-25 10:18:05,712 [3] DEBUG Proiect.Common.Channel - Received '{"X":2,"Y":5}' from channel 'Broker_Broker1'
2019-05-25 10:18:37,302 [3] DEBUG Proiect.Common.Channel - Received '{"X":2,"Y":5}' from channel 'Broker_Broker1'
2019-05-25 10:18:37,303 [3] DEBUG Proiect.Common.Channel - Received '{"X":2,"Y":5}' from channel 'Broker_Broker1'
2019-05-25 10:18:37,304 [3] DEBUG Proiect.Common.Channel - Received '{"X":2,"Y":5}' from channel 'Broker_Broker1'
2019-05-25 10:18:37,305 [3] DEBUG Proiect.Common.Channel - Received '{"X":2,"Y":5}' from channel 'Broker_Broker1'
2019-05-25 11:26:36,422 [3] DEBUG Proiect.Common.Channel - Client Subscribed to 'Broker_Broker1'
2019-05-25 11:28:26,498 [3] DEBUG Proiect.Common.Channel - Client Subscribed to 'Broker_Broker1'
2019-05-25 11:28:36,345 [3] DEBUG Proiect.Common.Channel - Received '{"Msg":"Connect","Filter":{"MaxX":30,"MinX":0,"MaxY":40,"MinY":0}}' from channel 'Broker_Broker1'
2019-05-25 11:30:39,151 [3] DEBUG Proiect.Common.Channel - Client Subscribed to 'Broker_Broker1'
2019-05-25 11:30:54,290 [3] DEBUG Proiect.Common.Channel - Received '{"Msg":"Connect","Filter":{"MaxX":30,"MinX":0,"MaxY":40,"MinY":0}}' from channel 'Broker_Broker1'
2019-05-25 11:32:29,705 [3] DEBUG Proiect.Common.Channel - Client Subscribed to 'Broker_Broker1'
2019-05-25 11:32:40,174 [3] DEBUG Proiect.Common.Channel - Received '{"Msg":"Connect","Name":"Subscriber1","Filter":{"MaxX":30,"MinX":0,"MaxY":40,"MinY":0}}' from channel 'Broker_Broker1'
2019-05-25 11:33:00,750 [3] DEBUG Proiect.Common.Channel - Received '{"Msg":"Publish","Name":"","Payload":{"X":2,"Y":5}}' from channel 'Broker_Broker1'
2019-05-25 11:33:00,787 [3] DEBUG Proiect.Common.Channel - Received '{"Msg":"Publish","Name":"","Payload":{"X":2,"Y":5}}' from channel 'Broker_Broker1'
2019-05-25 11:33:00,788 [3] DEBUG Proiect.Common.Channel - Received '{"Msg":"Publish","Name":"","Payload":{"X":2,"Y":5}}' from channel 'Broker_Broker1'
2019-05-25 11:33:00,791 [3] DEBUG Proiect.Common.Channel - Received '{"Msg":"Publish","Name":"","Payload":{"X":2,"Y":5}}' from channel 'Broker_Broker1'
2019-05-25 11:33:00,793 [3] DEBUG Proiect.Common.Channel - Received '{"Msg":"Publish","Name":"","Payload":{"X":2,"Y":5}}' from channel 'Broker_Broker1'
2019-05-25 11:34:00,688 [3] DEBUG Proiect.Common.Channel - Received '{"Msg":"Publish","Name":"","Payload":{"X":2,"Y":5}}' from channel 'Broker_Broker1'
2019-05-25 11:34:00,698 [3] DEBUG Proiect.Common.Channel - Received '{"Msg":"Publish","Name":"","Payload":{"X":2,"Y":5}}' from channel 'Broker_Broker1'
2019-05-25 11:34:00,699 [3] DEBUG Proiect.Common.Channel - Received '{"Msg":"Publish","Name":"","Payload":{"X":2,"Y":5}}' from channel 'Broker_Broker1'
2019-05-25 11:34:00,701 [3] DEBUG Proiect.Common.Channel - Received '{"Msg":"Publish","Name":"","Payload":{"X":2,"Y":5}}' from channel 'Broker_Broker1'
2019-05-25 11:34:00,702 [3] DEBUG Proiect.Common.Channel - Received '{"Msg":"Publish","Name":"","Payload":{"X":2,"Y":5}}' from channel 'Broker_Broker1'
2019-05-25 11:39:29,169 [3] DEBUG Proiect.Common.Channel - Client Subscribed to 'Broker_Broker1'
2019-05-25 11:40:58,966 [3] DEBUG Proiect.Common.Channel - Client Broker_Broker1 Subscribed to 'Broker_Broker1'
2019-05-25 11:41:16,888 [3] DEBUG Proiect.Common.Channel - Actor Broker_Broker1 received '{"Msg":"Connect","Name":"Subscriber1","Filter":{"MaxX":30,"MinX":0,"MaxY":40,"MinY":0}}' from channel 'Broker_Broker1'
2019-05-25 11:41:48,389 [3] DEBUG Proiect.Common.Channel - Actor Broker_Broker1 received '{"Msg":"Publish","Name":"","Payload":{"X":2,"Y":5}}' from channel 'Broker_Broker1'
2019-05-25 11:41:48,432 [3] DEBUG Proiect.Common.Channel - Actor Broker_Broker1 received '{"Msg":"Publish","Name":"","Payload":{"X":2,"Y":5}}' from channel 'Broker_Broker1'
2019-05-25 11:41:48,434 [3] DEBUG Proiect.Common.Channel - Actor Broker_Broker1 received '{"Msg":"Publish","Name":"","Payload":{"X":2,"Y":5}}' from channel 'Broker_Broker1'
2019-05-25 11:41:48,435 [3] DEBUG Proiect.Common.Channel - Actor Broker_Broker1 received '{"Msg":"Publish","Name":"","Payload":{"X":2,"Y":5}}' from channel 'Broker_Broker1'
2019-05-25 11:41:48,436 [3] DEBUG Proiect.Common.Channel - Actor Broker_Broker1 received '{"Msg":"Publish","Name":"","Payload":{"X":2,"Y":5}}' from channel 'Broker_Broker1'
2019-05-25 11:42:55,754 [3] DEBUG Proiect.Common.Channel - Client Broker_Broker1 Subscribed to 'Broker_Broker1'
2019-05-25 11:43:06,884 [3] DEBUG Proiect.Common.Channel - Actor Broker_Broker1 received '{"Msg":"Connect","Name":"Subscriber1","Filter":{"MaxX":1,"MinX":0,"MaxY":1,"MinY":0}}' from channel 'Broker_Broker1'
2019-05-25 11:43:19,349 [3] DEBUG Proiect.Common.Channel - Actor Broker_Broker1 received '{"Msg":"Publish","Name":"","Payload":{"X":2,"Y":5}}' from channel 'Broker_Broker1'
2019-05-25 11:43:19,351 [3] DEBUG Proiect.Common.Channel - Actor Broker_Broker1 received '{"Msg":"Publish","Name":"","Payload":{"X":2,"Y":5}}' from channel 'Broker_Broker1'
2019-05-25 11:43:19,351 [3] DEBUG Proiect.Common.Channel - Actor Broker_Broker1 received '{"Msg":"Publish","Name":"","Payload":{"X":2,"Y":5}}' from channel 'Broker_Broker1'
2019-05-25 11:43:19,351 [3] DEBUG Proiect.Common.Channel - Actor Broker_Broker1 received '{"Msg":"Publish","Name":"","Payload":{"X":2,"Y":5}}' from channel 'Broker_Broker1'
2019-05-25 11:43:19,352 [3] DEBUG Proiect.Common.Channel - Actor Broker_Broker1 received '{"Msg":"Publish","Name":"","Payload":{"X":2,"Y":5}}' from channel 'Broker_Broker1'
2019-05-25 11:46:57,752 [3] DEBUG Proiect.Common.Channel - Client Broker_Broker1 Subscribed to 'Broker_Broker1'
2019-05-25 11:47:05,969 [3] DEBUG Proiect.Common.Channel - Actor Broker_Broker1 received '{"Msg":"Connect","Name":"Subscriber1","Filter":{"MaxX":1,"MinX":0,"MaxY":1,"MinY":0}}' from channel 'Broker_Broker1'
2019-05-25 11:47:06,029 [3] DEBUG Proiect.Common.Channel - Actor Broker_Broker1 received '{"Msg":"Connect","Name":"Subscriber1","Filter":{"MaxX":50,"MinX":0,"MaxY":50,"MinY":0}}' from channel 'Broker_Broker1'
2019-05-25 11:47:25,097 [3] DEBUG Proiect.Common.Channel - Actor Broker_Broker1 received '{"Msg":"Publish","Name":"","Payload":{"X":2,"Y":5}}' from channel 'Broker_Broker1'
2019-05-25 11:47:25,098 [3] DEBUG Proiect.Common.Channel - Actor Broker_Broker1 received '{"Msg":"Publish","Name":"","Payload":{"X":2,"Y":5}}' from channel 'Broker_Broker1'
2019-05-25 11:47:25,099 [3] DEBUG Proiect.Common.Channel - Actor Broker_Broker1 received '{"Msg":"Publish","Name":"","Payload":{"X":2,"Y":5}}' from channel 'Broker_Broker1'
2019-05-25 11:47:25,099 [3] DEBUG Proiect.Common.Channel - Actor Broker_Broker1 received '{"Msg":"Publish","Name":"","Payload":{"X":2,"Y":5}}' from channel 'Broker_Broker1'
2019-05-25 11:47:25,099 [3] DEBUG Proiect.Common.Channel - Actor Broker_Broker1 received '{"Msg":"Publish","Name":"","Payload":{"X":2,"Y":5}}' from channel 'Broker_Broker1'
2019-05-25 11:48:05,814 [3] DEBUG Proiect.Common.Channel - Client Broker_Broker1 Subscribed to 'Broker_Broker1'
2019-05-25 11:48:13,483 [3] DEBUG Proiect.Common.Channel - Actor Broker_Broker1 received '{"Msg":"Connect","Name":"Subscriber1","Filter":{"MaxX":1,"MinX":0,"MaxY":1,"MinY":0}}' from channel 'Broker_Broker1'
2019-05-25 11:48:13,542 [3] DEBUG Proiect.Common.Channel - Actor Broker_Broker1 received '{"Msg":"Connect","Name":"Subscriber2","Filter":{"MaxX":50,"MinX":0,"MaxY":50,"MinY":0}}' from channel 'Broker_Broker1'
2019-05-25 11:48:29,958 [3] DEBUG Proiect.Common.Channel - Actor Broker_Broker1 received '{"Msg":"Publish","Name":"","Payload":{"X":2,"Y":5}}' from channel 'Broker_Broker1'
2019-05-25 11:48:29,999 [3] DEBUG Proiect.Common.Channel - Actor Broker_Broker1 received '{"Msg":"Publish","Name":"","Payload":{"X":2,"Y":5}}' from channel 'Broker_Broker1'
2019-05-25 11:48:30,001 [3] DEBUG Proiect.Common.Channel - Actor Broker_Broker1 received '{"Msg":"Publish","Name":"","Payload":{"X":2,"Y":5}}' from channel 'Broker_Broker1'
2019-05-25 11:48:30,002 [3] DEBUG Proiect.Common.Channel - Actor Broker_Broker1 received '{"Msg":"Publish","Name":"","Payload":{"X":2,"Y":5}}' from channel 'Broker_Broker1'
2019-05-25 11:48:30,003 [3] DEBUG Proiect.Common.Channel - Actor Broker_Broker1 received '{"Msg":"Publish","Name":"","Payload":{"X":2,"Y":5}}' from channel 'Broker_Broker1'
